2023-06-26T16:01:38.095358+0200 WARNING  * Debugger is active!
2023-06-26T16:01:51.262612+0200 WARNING  * Debugger is active!
2023-06-26T16:03:00.671291+0200 WARNING  * Debugger is active!
2023-06-26T16:03:07.145023+0200 WARNING  * Debugger is active!
2023-06-26T16:03:19.923207+0200 WARNING  * Debugger is active!
2023-06-26T16:03:28.569127+0200 WARNING  * Debugger is active!
2023-06-26T16:03:39.222471+0200 WARNING  * Debugger is active!
2023-06-26T16:03:43.814414+0200 WARNING  * Debugger is active!
2023-06-26T16:21:51.912198+0200 WARNING  * Debugger is active!
2023-06-26T16:22:48.673328+0200 WARNING  * Debugger is active!
2023-06-26T16:23:02.005744+0200 WARNING  * Debugger is active!
2023-06-26T16:23:15.430934+0200 WARNING  * Debugger is active!
2023-06-26T16:23:27.682110+0200 ERROR /api/dataprocess/projects/list error 
2023-06-26T16:24:03.427096+0200 WARNING  * Debugger is active!
2023-06-26T16:24:14.584957+0200 WARNING  * Debugger is active!
2023-06-26T16:24:19.421921+0200 WARNING  * Debugger is active!
2023-06-26T16:24:23.326810+0200 WARNING  * Debugger is active!
2023-06-26T16:24:27.300207+0200 WARNING  * Debugger is active!
2023-06-26T16:24:44.018692+0200 WARNING  * Debugger is active!
2023-06-26T16:24:52.545305+0200 ERROR /api/dataprocess/mesh error 
2023-06-26T16:25:37.623378+0200 WARNING  * Debugger is active!
2023-06-26T16:25:39.759043+0200 ERROR /api/dataprocess/mesh error 
2023-06-26T16:26:19.244863+0200 WARNING  * Debugger is active!
2023-06-26T16:26:26.493545+0200 WARNING  * Debugger is active!
2023-06-26T16:26:28.304468+0200 ERROR /api/dataprocess/mesh error 
2023-06-26T16:38:26.315152+0200 WARNING  * Debugger is active!
2023-06-26T16:39:11.869385+0200 WARNING  * Debugger is active!
2023-06-26T16:39:19.852353+0200 WARNING  * Debugger is active!
2023-06-26T16:40:31.180764+0200 WARNING  * Debugger is active!
2023-06-26T16:40:32.684592+0200 ERROR /api/dataprocess/mesh error 
2023-06-26T16:40:34.329544+0200 ERROR /api/dataprocess/mesh error 
2023-06-26T16:40:43.864188+0200 ERROR /api/dataprocess/mesh error 
2023-06-26T16:41:29.818406+0200 WARNING  * Debugger is active!
2023-06-26T16:41:42.037893+0200 WARNING  * Debugger is active!
2023-06-26T16:42:12.062713+0200 WARNING  * Debugger is active!
2023-06-26T16:43:09.982492+0200 WARNING  * Debugger is active!
2023-06-26T16:43:17.994690+0200 WARNING  * Debugger is active!
2023-06-26T16:43:47.163992+0200 WARNING  * Debugger is active!
2023-06-26T16:43:56.433344+0200 WARNING  * Debugger is active!
2023-06-26T16:44:58.063670+0200 WARNING  * Debugger is active!
2023-06-26T16:46:13.193962+0200 WARNING  * Debugger is active!
2023-06-26T16:46:43.368348+0200 WARNING  * Debugger is active!
2023-06-26T16:47:26.081444+0200 WARNING  * Debugger is active!
2023-06-26T16:48:06.080135+0200 WARNING  * Debugger is active!
2023-06-26T16:48:42.657231+0200 WARNING  * Debugger is active!
2023-06-26T16:49:00.381061+0200 WARNING  * Debugger is active!
2023-06-26T16:50:41.420247+0200 WARNING  * Debugger is active!
2023-06-26T16:51:54.309274+0200 WARNING  * Debugger is active!
2023-06-26T16:52:08.856405+0200 WARNING  * Debugger is active!
2023-06-26T16:52:45.436200+0200 WARNING  * Debugger is active!
2023-06-26T16:53:03.387628+0200 WARNING  * Debugger is active!
2023-06-26T16:53:09.380112+0200 WARNING  * Debugger is active!
2023-06-26T17:15:19.377913+0200 WARNING  * Debugger is active!
2023-06-26T17:15:44.205461+0200 WARNING  * Debugger is active!
2023-06-26T17:16:12.016594+0200 WARNING  * Debugger is active!
2023-06-26T17:16:22.021674+0200 WARNING  * Debugger is active!
2023-06-26T17:17:06.664615+0200 WARNING  * Debugger is active!
2023-06-26T17:18:03.775588+0200 WARNING  * Debugger is active!
2023-06-26T17:19:26.358743+0200 WARNING  * Debugger is active!
2023-06-26T17:20:17.310276+0200 WARNING  * Debugger is active!
2023-06-26T17:21:33.346910+0200 WARNING  * Debugger is active!
2023-06-26T17:21:46.544290+0200 WARNING  * Debugger is active!
2023-06-26T17:21:55.901535+0200 WARNING  * Debugger is active!
2023-06-26T17:29:39.746881+0200 WARNING  * Debugger is active!
2023-06-26T17:30:16.860526+0200 WARNING  * Debugger is active!
2023-06-26T17:30:19.698276+0200 WARNING  * Debugger is active!
2023-06-26T17:32:50.268947+0200 WARNING  * Debugger is active!
2023-06-26T17:33:15.340810+0200 WARNING  * Debugger is active!
2023-06-26T17:33:27.724163+0200 WARNING  * Debugger is active!
2023-06-26T17:33:50.560863+0200 WARNING  * Debugger is active!
2023-06-26T17:33:50.610236+0200 ERROR /api/dataprocess/mesh error 
2023-06-26T17:34:32.249174+0200 WARNING  * Debugger is active!
2023-06-26T17:34:37.172948+0200 WARNING  * Debugger is active!
2023-06-26T17:34:56.621966+0200 WARNING  * Debugger is active!
2023-06-26T17:37:53.688846+0200 WARNING  * Debugger is active!
2023-06-26T17:38:00.883962+0200 WARNING  * Debugger is active!
2023-06-26T17:38:12.041348+0200 WARNING  * Debugger is active!
2023-06-26T17:38:32.611298+0200 WARNING  * Debugger is active!
2023-06-26T17:38:43.864959+0200 WARNING  * Debugger is active!
2023-06-26T17:38:51.159008+0200 WARNING  * Debugger is active!
2023-06-26T17:39:08.672261+0200 WARNING  * Debugger is active!
2023-06-26T17:39:50.079718+0200 WARNING  * Debugger is active!
2023-06-26T17:40:04.488155+0200 WARNING  * Debugger is active!
2023-06-26T17:40:20.790120+0200 WARNING  * Debugger is active!
2023-06-26T17:40:20.905892+0200 ERROR STLReader: error while reading file C:\Users\Sofiane HAMLAOUI\Documents\Projetcs\Maquette\maquette_back\tempstl.stl at line 1: Parse error. Expecting 'solid' found 'hello'
2023-06-26T17:40:20.908890+0200 ERROR Algorithm vtkSTLReader (000002717AA3F090) returned failure for request: vtkInformation (000002717A9FC760)
2023-06-26T17:41:44.682619+0200 WARNING  * Debugger is active!
2023-06-26T17:41:51.581156+0200 WARNING  * Debugger is active!
2023-06-26T17:42:40.546728+0200 WARNING  * Debugger is active!
2023-06-26T17:42:51.869028+0200 WARNING  * Debugger is active!
2023-06-26T17:44:02.001759+0200 WARNING  * Debugger is active!
2023-06-26T17:45:26.962178+0200 WARNING  * Debugger is active!
2023-06-26T17:46:24.911240+0200 WARNING  * Debugger is active!
2023-06-26T17:47:22.943014+0200 WARNING  * Debugger is active!
2023-06-26T17:47:38.239585+0200 WARNING  * Debugger is active!
2023-06-26T17:48:31.783861+0200 WARNING  * Debugger is active!
2023-06-26T17:49:06.398674+0200 WARNING  * Debugger is active!
2023-06-26T17:50:19.851800+0200 WARNING  * Debugger is active!
2023-06-26T17:51:02.089015+0200 WARNING  * Debugger is active!
2023-06-26T17:52:28.457912+0200 ERROR /api/dataprocess/mesh error 
2023-06-26T17:53:35.055632+0200 WARNING  * Debugger is active!
2023-06-26T17:54:08.352594+0200 WARNING  * Debugger is active!
2023-06-26T17:54:12.561904+0200 WARNING  * Debugger is active!
2023-06-26T17:54:26.917511+0200 WARNING  * Debugger is active!
2023-06-26T17:58:24.559829+0200 WARNING  * Debugger is active!
2023-06-26T17:58:43.899447+0200 WARNING  * Debugger is active!
2023-06-26T17:59:01.590879+0200 WARNING  * Debugger is active!
2023-06-26T17:59:05.648818+0200 WARNING  * Debugger is active!
2023-06-26T17:59:11.915234+0200 WARNING  * Debugger is active!
2023-06-26T17:59:28.606788+0200 WARNING  * Debugger is active!
2023-06-26T17:59:34.999597+0200 WARNING  * Debugger is active!
2023-06-26T17:59:44.231900+0200 WARNING  * Debugger is active!
2023-06-26T18:02:23.233252+0200 WARNING  * Debugger is active!
2023-06-26T18:03:05.482363+0200 WARNING  * Debugger is active!
